2019-01-01 22:11:02 INFO  TestBase:49 - loading config.properties
2019-01-01 22:11:08 INFO  TestBase:49 - loading config.properties
2019-01-01 22:11:11 INFO  TestBase:49 - loading config.properties
2019-01-01 22:11:13 INFO  TestBase:49 - loading config.properties
2019-01-01 22:11:13 INFO  HomePageTest:56 - Verify The Tittle of Page
2019-01-01 22:11:31 INFO  TestBase:49 - loading config.properties
2019-01-01 22:11:35 INFO  TestBase:49 - loading config.properties
2019-01-01 22:11:37 INFO  TestBase:49 - loading config.properties
2019-01-01 22:11:38 INFO  HomePageTest:63 - click on Purchase Page
2019-01-01 22:11:56 INFO  TestBase:49 - loading config.properties
2019-01-01 22:11:59 INFO  TestBase:49 - loading config.properties
2019-01-01 22:12:02 INFO  TestBase:49 - loading config.properties
2019-01-01 22:12:02 INFO  HomePageTest:70 - click on testAndInventoryPage Page
2019-01-01 22:12:20 INFO  TestBase:49 - loading config.properties
2019-01-01 22:12:23 INFO  TestBase:49 - loading config.properties
2019-01-01 22:12:25 INFO  TestBase:49 - loading config.properties
2019-01-01 22:12:43 INFO  TestBase:49 - loading config.properties
2019-01-01 22:12:46 INFO  TestBase:49 - loading config.properties
2019-01-01 22:12:49 INFO  TestBase:49 - loading config.properties
2019-01-01 22:13:07 INFO  TestBase:49 - loading config.properties
2019-01-01 22:13:10 INFO  TestBase:49 - loading config.properties
2019-01-01 22:13:12 INFO  TestBase:49 - loading config.properties
2019-01-01 22:13:13 INFO  TestBase:49 - loading config.properties
2019-01-01 23:26:37 INFO  TestBase:49 - loading config.properties
2019-01-01 23:26:41 INFO  TestBase:49 - loading config.properties
2019-01-01 23:26:50 INFO  TestBase:49 - loading config.properties
2019-01-01 23:26:53 INFO  TestBase:49 - loading config.properties
2019-01-01 23:26:53 INFO  HomePageTest:56 - Verify The Tittle of Page
2019-01-01 23:27:11 INFO  TestBase:49 - loading config.properties
2019-01-01 23:27:13 INFO  TestBase:49 - loading config.properties
2019-01-01 23:27:16 INFO  TestBase:49 - loading config.properties
2019-01-01 23:27:16 INFO  HomePageTest:63 - click on Purchase Page
2019-01-01 23:27:34 INFO  TestBase:49 - loading config.properties
2019-01-01 23:27:37 INFO  TestBase:49 - loading config.properties
2019-01-01 23:27:39 INFO  TestBase:49 - loading config.properties
2019-01-01 23:27:40 INFO  HomePageTest:70 - click on testAndInventoryPage Page
2019-01-01 23:27:58 INFO  TestBase:49 - loading config.properties
2019-01-01 23:28:06 INFO  TestBase:49 - loading config.properties
2019-01-01 23:28:09 INFO  TestBase:49 - loading config.properties
2019-01-01 23:28:09 INFO  HomePageTest:77 - click on Manufacturing Page
2019-01-01 23:28:27 INFO  TestBase:49 - loading config.properties
2019-01-01 23:28:32 INFO  TestBase:49 - loading config.properties
2019-01-01 23:28:34 INFO  TestBase:49 - loading config.properties
2019-01-01 23:28:35 INFO  HomePageTest:83 - click on FixedAssetLink Page
2019-01-01 23:28:53 INFO  TestBase:49 - loading config.properties
2019-01-01 23:28:56 INFO  TestBase:49 - loading config.properties
2019-01-01 23:28:58 INFO  TestBase:49 - loading config.properties
2019-01-01 23:29:00 INFO  TestBase:49 - loading config.properties
